# JRE version: OpenJDK Runtime Environment Temurin-21.0.8+9 (21.0.8+9) (build 21.0.8+9-LTS)
# Java VM: OpenJDK 64-Bit Server VM Temurin-21.0.8+9 (21.0.8+9-LTS, mixed mode, sharing, tiered, compressed oops, compressed class ptrs, parallel gc, windows-amd64)
GC Precious Log:
 CardTable entry size: 512
 CPUs: 4 total, 4 available
 Memory: 3918M
 Large Page Support: Disabled
 NUMA Support: Disabled
 Compressed Oops: Enabled (32-bit)
 Alignments: Space 512K, Generation 512K, Heap 2M
 Heap Min Capacity: 100M
 Heap Initial Capacity: 100M
 Heap Max Capacity: 2G
 Pre-touch: Disabled
 Parallel Workers: 4
Heap:
 PSYoungGen      total 12288K, used 3147K [0x00000000d5580000, 0x00000000d6500000, 0x0000000100000000)
  eden space 11776K, 25% used [0x00000000d5580000,0x00000000d5862dc0,0x00000000d6100000)
  from space 512K, 37% used [0x00000000d6480000,0x00000000d64b0000,0x00000000d6500000)
  to   space 512K, 0% used [0x00000000d6400000,0x00000000d6400000,0x00000000d6480000)
 ParOldGen       total 407040K, used 406734K [0x0000000080000000, 0x0000000098d80000, 0x00000000d5580000)
  object space 407040K, 99% used [0x0000000080000000,0x0000000098d33988,0x0000000098d80000)
 Metaspace       used 84670K, committed 86400K, reserved 1179648K
  class space    used 8861K, committed 9600K, reserved 1048576K
GC Heap History (20 events):
Event: 93.361 GC heap before
{Heap before GC invocations=332 (full 3):
 PSYoungGen      total 12800K, used 12512K [0x00000000d5580000, 0x00000000d6500000, 0x0000000100000000)
  eden space 11776K, 100% used [0x00000000d5580000,0x00000000d6100000,0x00000000d6100000)
  from space 1024K, 71% used [0x00000000d6400000,0x00000000d64b8010,0x00000000d6500000)
  to   space 1024K, 0% used [0x00000000d6300000,0x00000000d6300000,0x00000000d6400000)
 ParOldGen       total 362496K, used 362096K [0x0000000080000000, 0x0000000096200000, 0x00000000d5580000)
  object space 362496K, 99% used [0x0000000080000000,0x000000009619c1d0,0x0000000096200000)
 Metaspace       used 82280K, committed 83840K, reserved 1179648K
  class space    used 8597K, committed 9344K, reserved 1048576K
}
Event: 93.369 GC heap after
{Heap after GC invocations=332 (full 3):
 PSYoungGen      total 12800K, used 1002K [0x00000000d5580000, 0x00000000d6d00000, 0x0000000100000000)
  eden space 11776K, 0% used [0x00000000d5580000,0x00000000d5580000,0x00000000d6100000)
  from space 1024K, 97% used [0x00000000d6300000,0x00000000d63fa918,0x00000000d6400000)
  to   space 6144K, 0% used [0x00000000d6700000,0x00000000d6700000,0x00000000d6d00000)
 ParOldGen       total 366592K, used 366272K [0x0000000080000000, 0x0000000096600000, 0x00000000d5580000)
  object space 366592K, 99% used [0x0000000080000000,0x00000000965b0210,0x0000000096600000)
 Metaspace       used 82280K, committed 83840K, reserved 1179648K
  class space    used 8597K, committed 9344K, reserved 1048576K
}
Event: 93.514 GC heap before
{Heap before GC invocations=333 (full 3):
 PSYoungGen      total 12800K, used 12778K [0x00000000d5580000, 0x00000000d6d00000, 0x0000000100000000)
  eden space 11776K, 100% used [0x00000000d5580000,0x00000000d6100000,0x00000000d6100000)
  from space 1024K, 97% used [0x00000000d6300000,0x00000000d63fa918,0x00000000d6400000)
  to   space 6144K, 0% used [0x00000000d6700000,0x00000000d6700000,0x00000000d6d00000)
 ParOldGen       total 366592K, used 366272K [0x0000000080000000, 0x0000000096600000, 0x00000000d5580000)
  object space 366592K, 99% used [0x0000000080000000,0x00000000965b0210,0x0000000096600000)
 Metaspace       used 82569K, committed 84096K, reserved 1179648K
  class space    used 8634K, committed 9344K, reserved 1048576K
}
Event: 93.521 GC heap after
{Heap after GC invocations=333 (full 3):
 PSYoungGen      total 15360K, used 3130K [0x00000000d5580000, 0x00000000d6a80000, 0x0000000100000000)
  eden space 11776K, 0% used [0x00000000d5580000,0x00000000d5580000,0x00000000d6100000)
  from space 3584K, 87% used [0x00000000d6700000,0x00000000d6a0ebf0,0x00000000d6a80000)
  to   space 4096K, 0% used [0x00000000d6280000,0x00000000d6280000,0x00000000d6680000)
 ParOldGen       total 367616K, used 367263K [0x0000000080000000, 0x0000000096700000, 0x00000000d5580000)
  object space 367616K, 99% used [0x0000000080000000,0x00000000966a7cf8,0x0000000096700000)
 Metaspace       used 82569K, committed 84096K, reserved 1179648K
  class space    used 8634K, committed 9344K, reserved 1048576K
}
Event: 93.677 GC heap before
{Heap before GC invocations=334 (full 3):
 PSYoungGen      total 15360K, used 14906K [0x00000000d5580000, 0x00000000d6a80000, 0x0000000100000000)
  eden space 11776K, 100% used [0x00000000d5580000,0x00000000d6100000,0x00000000d6100000)
  from space 3584K, 87% used [0x00000000d6700000,0x00000000d6a0ebf0,0x00000000d6a80000)
  to   space 4096K, 0% used [0x00000000d6280000,0x00000000d6280000,0x00000000d6680000)
 ParOldGen       total 367616K, used 367263K [0x0000000080000000, 0x0000000096700000, 0x00000000d5580000)
  object space 367616K, 99% used [0x0000000080000000,0x00000000966a7cf8,0x0000000096700000)
 Metaspace       used 82617K, committed 84160K, reserved 1179648K
  class space    used 8639K, committed 9344K, reserved 1048576K
}
Event: 93.685 GC heap after
{Heap after GC invocations=334 (full 3):
 PSYoungGen      total 15360K, used 3566K [0x00000000d5580000, 0x00000000d6900000, 0x0000000100000000)
  eden space 11776K, 0% used [0x00000000d5580000,0x00000000d5580000,0x00000000d6100000)
  from space 3584K, 99% used [0x00000000d6280000,0x00000000d65fb978,0x00000000d6600000)
  to   space 3072K, 0% used [0x00000000d6600000,0x00000000d6600000,0x00000000d6900000)
 ParOldGen       total 370688K, used 370332K [0x0000000080000000, 0x0000000096a00000, 0x00000000d5580000)
  object space 370688K, 99% used [0x0000000080000000,0x00000000969a71b0,0x0000000096a00000)
 Metaspace       used 82617K, committed 84160K, reserved 1179648K
  class space    used 8639K, committed 9344K, reserved 1048576K
}
Event: 94.644 GC heap before
{Heap before GC invocations=335 (full 3):
 PSYoungGen      total 15360K, used 15342K [0x00000000d5580000, 0x00000000d6900000, 0x0000000100000000)
  eden space 11776K, 100% used [0x00000000d5580000,0x00000000d6100000,0x00000000d6100000)
  from space 3584K, 99% used [0x00000000d6280000,0x00000000d65fb978,0x00000000d6600000)
  to   space 3072K, 0% used [0x00000000d6600000,0x00000000d6600000,0x00000000d6900000)
 ParOldGen       total 370688K, used 370332K [0x0000000080000000, 0x0000000096a00000, 0x00000000d5580000)
  object space 370688K, 99% used [0x0000000080000000,0x00000000969a71b0,0x0000000096a00000)
 Metaspace       used 83090K, committed 84672K, reserved 1179648K
  class space    used 8693K, committed 9408K, reserved 1048576K
}
Event: 94.651 GC heap after
{Heap after GC invocations=335 (full 3):
 PSYoungGen      total 14336K, used 2048K [0x00000000d5580000, 0x00000000d6880000, 0x0000000100000000)
  eden space 11776K, 0% used [0x00000000d5580000,0x00000000d5580000,0x00000000d6100000)
  from space 2560K, 80% used [0x00000000d6600000,0x00000000d6800020,0x00000000d6880000)
  to   space 3072K, 0% used [0x00000000d6280000,0x00000000d6280000,0x00000000d6580000)
 ParOldGen       total 372736K, used 372268K [0x0000000080000000, 0x0000000096c00000, 0x00000000d5580000)
  object space 372736K, 99% used [0x0000000080000000,0x0000000096b8b1c0,0x0000000096c00000)
 Metaspace       used 83090K, committed 84672K, reserved 1179648K
  class space    used 8693K, committed 9408K, reserved 1048576K
}
Event: 95.116 GC heap before
{Heap before GC invocations=336 (full 3):
 PSYoungGen      total 14336K, used 13824K [0x00000000d5580000, 0x00000000d6880000, 0x0000000100000000)
  eden space 11776K, 100% used [0x00000000d5580000,0x00000000d6100000,0x00000000d6100000)
  from space 2560K, 80% used [0x00000000d6600000,0x00000000d6800020,0x00000000d6880000)
  to   space 3072K, 0% used [0x00000000d6280000,0x00000000d6280000,0x00000000d6580000)
 ParOldGen       total 372736K, used 372268K [0x0000000080000000, 0x0000000096c00000, 0x00000000d5580000)
  object space 372736K, 99% used [0x0000000080000000,0x0000000096b8b1c0,0x0000000096c00000)
 Metaspace       used 83458K, committed 85056K, reserved 1179648K
  class space    used 8753K, committed 9472K, reserved 1048576K
}
Event: 95.126 GC heap after
{Heap after GC invocations=336 (full 3):
 PSYoungGen      total 13312K, used 1472K [0x00000000d5580000, 0x00000000d6680000, 0x0000000100000000)
  eden space 11776K, 0% used [0x00000000d5580000,0x00000000d5580000,0x00000000d6100000)
  from space 1536K, 95% used [0x00000000d6280000,0x00000000d63f0000,0x00000000d6400000)
  to   space 2048K, 0% used [0x00000000d6480000,0x00000000d6480000,0x00000000d6680000)
 ParOldGen       total 374784K, used 374277K [0x0000000080000000, 0x0000000096e00000, 0x00000000d5580000)
  object space 374784K, 99% used [0x0000000080000000,0x0000000096d81790,0x0000000096e00000)
 Metaspace       used 83458K, committed 85056K, reserved 1179648K
  class space    used 8753K, committed 9472K, reserved 1048576K
}
Event: 95.957 GC heap before
{Heap before GC invocations=337 (full 3):
 PSYoungGen      total 13312K, used 13248K [0x00000000d5580000, 0x00000000d6680000, 0x0000000100000000)
  eden space 11776K, 100% used [0x00000000d5580000,0x00000000d6100000,0x00000000d6100000)
  from space 1536K, 95% used [0x00000000d6280000,0x00000000d63f0000,0x00000000d6400000)
  to   space 2048K, 0% used [0x00000000d6480000,0x00000000d6480000,0x00000000d6680000)
 ParOldGen       total 406528K, used 404997K [0x0000000080000000, 0x0000000098d00000, 0x00000000d5580000)
  object space 406528K, 99% used [0x0000000080000000,0x0000000098b817c0,0x0000000098d00000)
 Metaspace       used 84165K, committed 85824K, reserved 1179648K
  class space    used 8828K, committed 9536K, reserved 1048576K
}
Event: 95.966 GC heap after
{Heap after GC invocations=337 (full 3):
 PSYoungGen      total 12800K, used 666K [0x00000000d5580000, 0x00000000d6580000, 0x0000000100000000)
  eden space 11776K, 0% used [0x00000000d5580000,0x00000000d5580000,0x00000000d6100000)
  from space 1024K, 65% used [0x00000000d6480000,0x00000000d65268c8,0x00000000d6580000)
  to   space 1024K, 0% used [0x00000000d6380000,0x00000000d6380000,0x00000000d6480000)
 ParOldGen       total 406528K, used 405773K [0x0000000080000000, 0x0000000098d00000, 0x00000000d5580000)
  object space 406528K, 99% used [0x0000000080000000,0x0000000098c437c0,0x0000000098d00000)
 Metaspace       used 84165K, committed 85824K, reserved 1179648K
  class space    used 8828K, committed 9536K, reserved 1048576K
}
Event: 198.767 GC heap before
{Heap before GC invocations=338 (full 3):
 PSYoungGen      total 12800K, used 12442K [0x00000000d5580000, 0x00000000d6580000, 0x0000000100000000)
  eden space 11776K, 100% used [0x00000000d5580000,0x00000000d6100000,0x00000000d6100000)
  from space 1024K, 65% used [0x00000000d6480000,0x00000000d65268c8,0x00000000d6580000)
  to   space 1024K, 0% used [0x00000000d6380000,0x00000000d6380000,0x00000000d6480000)
 ParOldGen       total 406528K, used 405773K [0x0000000080000000, 0x0000000098d00000, 0x00000000d5580000)
  object space 406528K, 99% used [0x0000000080000000,0x0000000098c437c0,0x0000000098d00000)
 Metaspace       used 84275K, committed 85888K, reserved 1179648K
  class space    used 8834K, committed 9536K, reserved 1048576K
}
Event: 198.790 GC heap after
{Heap after GC invocations=338 (full 3):
 PSYoungGen      total 12800K, used 256K [0x00000000d5580000, 0x00000000d6500000, 0x0000000100000000)
  eden space 11776K, 0% used [0x00000000d5580000,0x00000000d5580000,0x00000000d6100000)
  from space 1024K, 25% used [0x00000000d6380000,0x00000000d63c0000,0x00000000d6480000)
  to   space 512K, 0% used [0x00000000d6480000,0x00000000d6480000,0x00000000d6500000)
 ParOldGen       total 406528K, used 406390K [0x0000000080000000, 0x0000000098d00000, 0x00000000d5580000)
  object space 406528K, 99% used [0x0000000080000000,0x0000000098cdd958,0x0000000098d00000)
 Metaspace       used 84275K, committed 85888K, reserved 1179648K
  class space    used 8834K, committed 9536K, reserved 1048576K
}
Event: 5720.297 GC heap before
{Heap before GC invocations=339 (full 3):
 PSYoungGen      total 12800K, used 12021K [0x00000000d5580000, 0x00000000d6500000, 0x0000000100000000)
  eden space 11776K, 99% used [0x00000000d5580000,0x00000000d60fd708,0x00000000d6100000)
  from space 1024K, 25% used [0x00000000d6380000,0x00000000d63c0000,0x00000000d6480000)
  to   space 512K, 0% used [0x00000000d6480000,0x00000000d6480000,0x00000000d6500000)
 ParOldGen       total 406528K, used 406390K [0x0000000080000000, 0x0000000098d00000, 0x00000000d5580000)
  object space 406528K, 99% used [0x0000000080000000,0x0000000098cdd958,0x0000000098d00000)
 Metaspace       used 84573K, committed 86208K, reserved 1179648K
  class space    used 8857K, committed 9600K, reserved 1048576K
}
Event: 5720.629 GC heap after
{Heap after GC invocations=339 (full 3):
 PSYoungGen      total 12288K, used 320K [0x00000000d5580000, 0x00000000d6500000, 0x0000000100000000)
  eden space 11776K, 0% used [0x00000000d5580000,0x00000000d5580000,0x00000000d6100000)
  from space 512K, 62% used [0x00000000d6480000,0x00000000d64d0020,0x00000000d6500000)
  to   space 512K, 0% used [0x00000000d6400000,0x00000000d6400000,0x00000000d6480000)
 ParOldGen       total 406528K, used 406454K [0x0000000080000000, 0x0000000098d00000, 0x00000000d5580000)
  object space 406528K, 99% used [0x0000000080000000,0x0000000098ced958,0x0000000098d00000)
 Metaspace       used 84573K, committed 86208K, reserved 1179648K
  class space    used 8857K, committed 9600K, reserved 1048576K
}
Event: 5721.923 GC heap before
{Heap before GC invocations=340 (full 3):
 PSYoungGen      total 12288K, used 12096K [0x00000000d5580000, 0x00000000d6500000, 0x0000000100000000)
  eden space 11776K, 100% used [0x00000000d5580000,0x00000000d6100000,0x00000000d6100000)
  from space 512K, 62% used [0x00000000d6480000,0x00000000d64d0020,0x00000000d6500000)
  to   space 512K, 0% used [0x00000000d6400000,0x00000000d6400000,0x00000000d6480000)
 ParOldGen       total 406528K, used 406454K [0x0000000080000000, 0x0000000098d00000, 0x00000000d5580000)
  object space 406528K, 99% used [0x0000000080000000,0x0000000098ced958,0x0000000098d00000)
 Metaspace       used 84628K, committed 86272K, reserved 1179648K
  class space    used 8857K, committed 9600K, reserved 1048576K
}
Event: 5721.935 GC heap after
{Heap after GC invocations=340 (full 3):
 PSYoungGen      total 12288K, used 192K [0x00000000d5580000, 0x00000000d6500000, 0x0000000100000000)
  eden space 11776K, 0% used [0x00000000d5580000,0x00000000d5580000,0x00000000d6100000)
  from space 512K, 37% used [0x00000000d6400000,0x00000000d6430000,0x00000000d6480000)
  to   space 512K, 0% used [0x00000000d6480000,0x00000000d6480000,0x00000000d6500000)
 ParOldGen       total 407040K, used 406686K [0x0000000080000000, 0x0000000098d80000, 0x00000000d5580000)
  object space 407040K, 99% used [0x0000000080000000,0x0000000098d27988,0x0000000098d80000)
 Metaspace       used 84628K, committed 86272K, reserved 1179648K
  class space    used 8857K, committed 9600K, reserved 1048576K
}
Event: 5736.849 GC heap before
{Heap before GC invocations=341 (full 3):
 PSYoungGen      total 12288K, used 11968K [0x00000000d5580000, 0x00000000d6500000, 0x0000000100000000)
  eden space 11776K, 100% used [0x00000000d5580000,0x00000000d6100000,0x00000000d6100000)
  from space 512K, 37% used [0x00000000d6400000,0x00000000d6430000,0x00000000d6480000)
  to   space 512K, 0% used [0x00000000d6480000,0x00000000d6480000,0x00000000d6500000)
 ParOldGen       total 407040K, used 406686K [0x0000000080000000, 0x0000000098d80000, 0x00000000d5580000)
  object space 407040K, 99% used [0x0000000080000000,0x0000000098d27988,0x0000000098d80000)
 Metaspace       used 84636K, committed 86272K, reserved 1179648K
  class space    used 8857K, committed 9600K, reserved 1048576K
}
Event: 5736.854 GC heap after
{Heap after GC invocations=341 (full 3):
 PSYoungGen      total 12288K, used 192K [0x00000000d5580000, 0x00000000d6500000, 0x0000000100000000)
  eden space 11776K, 0% used [0x00000000d5580000,0x00000000d5580000,0x00000000d6100000)
  from space 512K, 37% used [0x00000000d6480000,0x00000000d64b0000,0x00000000d6500000)
  to   space 512K, 0% used [0x00000000d6400000,0x00000000d6400000,0x00000000d6480000)
 ParOldGen       total 407040K, used 406734K [0x0000000080000000, 0x0000000098d80000, 0x00000000d5580000)
  object space 407040K, 99% used [0x0000000080000000,0x0000000098d33988,0x0000000098d80000)
 Metaspace       used 84636K, committed 86272K, reserved 1179648K
  class space    used 8857K, committed 9600K, reserved 1048576K
}

