# JRE version: OpenJDK Runtime Environment Temurin-21.0.8+9 (21.0.8+9) (build 21.0.8+9-LTS)
# Java VM: OpenJDK 64-Bit Server VM Temurin-21.0.8+9 (21.0.8+9-LTS, mixed mode, sharing, tiered, compressed oops, compressed class ptrs, parallel gc, windows-amd64)
GC Precious Log:
 CardTable entry size: 512
 CPUs: 4 total, 4 available
 Memory: 3918M
 Large Page Support: Disabled
 NUMA Support: Disabled
 Compressed Oops: Enabled (32-bit)
 Alignments: Space 512K, Generation 512K, Heap 2M
 Heap Min Capacity: 100M
 Heap Initial Capacity: 100M
 Heap Max Capacity: 2G
 Pre-touch: Disabled
 Parallel Workers: 4
Heap:
 PSYoungGen      total 6144K, used 2547K [0x00000000d5580000, 0x00000000d5d00000, 0x0000000100000000)
  eden space 5632K, 40% used [0x00000000d5580000,0x00000000d57b4e18,0x00000000d5b00000)
  from space 512K, 56% used [0x00000000d5c80000,0x00000000d5cc8010,0x00000000d5d00000)
  to   space 512K, 0% used [0x00000000d5c00000,0x00000000d5c00000,0x00000000d5c80000)
 ParOldGen       total 412160K, used 411926K [0x0000000080000000, 0x0000000099280000, 0x00000000d5580000)
  object space 412160K, 99% used [0x0000000080000000,0x0000000099245a30,0x0000000099280000)
 Metaspace       used 55340K, committed 56768K, reserved 1114112K
  class space    used 5958K, committed 6592K, reserved 1048576K
GC Heap History (20 events):
Event: 47.156 GC heap before
{Heap before GC invocations=299 (full 2):
 PSYoungGen      total 6144K, used 5792K [0x00000000d5580000, 0x00000000d5d80000, 0x0000000100000000)
  eden space 5632K, 100% used [0x00000000d5580000,0x00000000d5b00000,0x00000000d5b00000)
  from space 512K, 31% used [0x00000000d5d00000,0x00000000d5d28000,0x00000000d5d80000)
  to   space 512K, 0% used [0x00000000d5c80000,0x00000000d5c80000,0x00000000d5d00000)
 ParOldGen       total 410112K, used 409640K [0x0000000080000000, 0x0000000099080000, 0x00000000d5580000)
  object space 410112K, 99% used [0x0000000080000000,0x000000009900a1a8,0x0000000099080000)
 Metaspace       used 52482K, committed 53760K, reserved 1114112K
  class space    used 5739K, committed 6336K, reserved 1048576K
}
Event: 47.159 GC heap after
{Heap after GC invocations=299 (full 2):
 PSYoungGen      total 6144K, used 128K [0x00000000d5580000, 0x00000000d5d80000, 0x0000000100000000)
  eden space 5632K, 0% used [0x00000000d5580000,0x00000000d5580000,0x00000000d5b00000)
  from space 512K, 25% used [0x00000000d5c80000,0x00000000d5ca0000,0x00000000d5d00000)
  to   space 512K, 0% used [0x00000000d5d00000,0x00000000d5d00000,0x00000000d5d80000)
 ParOldGen       total 410112K, used 409712K [0x0000000080000000, 0x0000000099080000, 0x00000000d5580000)
  object space 410112K, 99% used [0x0000000080000000,0x000000009901c1a8,0x0000000099080000)
 Metaspace       used 52482K, committed 53760K, reserved 1114112K
  class space    used 5739K, committed 6336K, reserved 1048576K
}
Event: 47.360 GC heap before
{Heap before GC invocations=300 (full 2):
 PSYoungGen      total 6144K, used 5760K [0x00000000d5580000, 0x00000000d5d80000, 0x0000000100000000)
  eden space 5632K, 100% used [0x00000000d5580000,0x00000000d5b00000,0x00000000d5b00000)
  from space 512K, 25% used [0x00000000d5c80000,0x00000000d5ca0000,0x00000000d5d00000)
  to   space 512K, 0% used [0x00000000d5d00000,0x00000000d5d00000,0x00000000d5d80000)
 ParOldGen       total 410112K, used 409712K [0x0000000080000000, 0x0000000099080000, 0x00000000d5580000)
  object space 410112K, 99% used [0x0000000080000000,0x000000009901c1a8,0x0000000099080000)
 Metaspace       used 53084K, committed 54464K, reserved 1114112K
  class space    used 5779K, committed 6400K, reserved 1048576K
}
Event: 47.363 GC heap after
{Heap after GC invocations=300 (full 2):
 PSYoungGen      total 6144K, used 224K [0x00000000d5580000, 0x00000000d5d80000, 0x0000000100000000)
  eden space 5632K, 0% used [0x00000000d5580000,0x00000000d5580000,0x00000000d5b00000)
  from space 512K, 43% used [0x00000000d5d00000,0x00000000d5d38000,0x00000000d5d80000)
  to   space 512K, 0% used [0x00000000d5c80000,0x00000000d5c80000,0x00000000d5d00000)
 ParOldGen       total 410112K, used 409784K [0x0000000080000000, 0x0000000099080000, 0x00000000d5580000)
  object space 410112K, 99% used [0x0000000080000000,0x000000009902e1a8,0x0000000099080000)
 Metaspace       used 53084K, committed 54464K, reserved 1114112K
  class space    used 5779K, committed 6400K, reserved 1048576K
}
Event: 47.442 GC heap before
{Heap before GC invocations=301 (full 2):
 PSYoungGen      total 6144K, used 5836K [0x00000000d5580000, 0x00000000d5d80000, 0x0000000100000000)
  eden space 5632K, 99% used [0x00000000d5580000,0x00000000d5afb078,0x00000000d5b00000)
  from space 512K, 43% used [0x00000000d5d00000,0x00000000d5d38000,0x00000000d5d80000)
  to   space 512K, 0% used [0x00000000d5c80000,0x00000000d5c80000,0x00000000d5d00000)
 ParOldGen       total 410112K, used 409784K [0x0000000080000000, 0x0000000099080000, 0x00000000d5580000)
  object space 410112K, 99% used [0x0000000080000000,0x000000009902e1a8,0x0000000099080000)
 Metaspace       used 53352K, committed 54720K, reserved 1114112K
  class space    used 5797K, committed 6400K, reserved 1048576K
}
Event: 47.446 GC heap after
{Heap after GC invocations=301 (full 2):
 PSYoungGen      total 6144K, used 502K [0x00000000d5580000, 0x00000000d6000000, 0x0000000100000000)
  eden space 5632K, 0% used [0x00000000d5580000,0x00000000d5580000,0x00000000d5b00000)
  from space 512K, 98% used [0x00000000d5c80000,0x00000000d5cfdb88,0x00000000d5d00000)
  to   space 2560K, 0% used [0x00000000d5d80000,0x00000000d5d80000,0x00000000d6000000)
 ParOldGen       total 411648K, used 411155K [0x0000000080000000, 0x0000000099200000, 0x00000000d5580000)
  object space 411648K, 99% used [0x0000000080000000,0x0000000099184c00,0x0000000099200000)
 Metaspace       used 53352K, committed 54720K, reserved 1114112K
  class space    used 5797K, committed 6400K, reserved 1048576K
}
Event: 47.465 GC heap before
{Heap before GC invocations=302 (full 2):
 PSYoungGen      total 6144K, used 6134K [0x00000000d5580000, 0x00000000d6000000, 0x0000000100000000)
  eden space 5632K, 100% used [0x00000000d5580000,0x00000000d5b00000,0x00000000d5b00000)
  from space 512K, 98% used [0x00000000d5c80000,0x00000000d5cfdb88,0x00000000d5d00000)
  to   space 2560K, 0% used [0x00000000d5d80000,0x00000000d5d80000,0x00000000d6000000)
 ParOldGen       total 411648K, used 411155K [0x0000000080000000, 0x0000000099200000, 0x00000000d5580000)
  object space 411648K, 99% used [0x0000000080000000,0x0000000099184c00,0x0000000099200000)
 Metaspace       used 53358K, committed 54720K, reserved 1114112K
  class space    used 5797K, committed 6400K, reserved 1048576K
}
Event: 47.471 GC heap after
{Heap after GC invocations=302 (full 2):
 PSYoungGen      total 6656K, used 893K [0x00000000d5580000, 0x00000000d5e80000, 0x0000000100000000)
  eden space 5632K, 0% used [0x00000000d5580000,0x00000000d5580000,0x00000000d5b00000)
  from space 1024K, 87% used [0x00000000d5d80000,0x00000000d5e5f4f8,0x00000000d5e80000)
  to   space 1536K, 0% used [0x00000000d5b80000,0x00000000d5b80000,0x00000000d5d00000)
 ParOldGen       total 411648K, used 411564K [0x0000000080000000, 0x0000000099200000, 0x00000000d5580000)
  object space 411648K, 99% used [0x0000000080000000,0x00000000991eb3b8,0x0000000099200000)
 Metaspace       used 53358K, committed 54720K, reserved 1114112K
  class space    used 5797K, committed 6400K, reserved 1048576K
}
Event: 47.501 GC heap before
{Heap before GC invocations=303 (full 2):
 PSYoungGen      total 6656K, used 6525K [0x00000000d5580000, 0x00000000d5e80000, 0x0000000100000000)
  eden space 5632K, 100% used [0x00000000d5580000,0x00000000d5b00000,0x00000000d5b00000)
  from space 1024K, 87% used [0x00000000d5d80000,0x00000000d5e5f4f8,0x00000000d5e80000)
  to   space 1536K, 0% used [0x00000000d5b80000,0x00000000d5b80000,0x00000000d5d00000)
 ParOldGen       total 411648K, used 411564K [0x0000000080000000, 0x0000000099200000, 0x00000000d5580000)
  object space 411648K, 99% used [0x0000000080000000,0x00000000991eb3b8,0x0000000099200000)
 Metaspace       used 53365K, committed 54720K, reserved 1114112K
  class space    used 5797K, committed 6400K, reserved 1048576K
}
Event: 47.506 GC heap after
{Heap after GC invocations=303 (full 2):
 PSYoungGen      total 7168K, used 1296K [0x00000000d5580000, 0x00000000d5e00000, 0x0000000100000000)
  eden space 5632K, 0% used [0x00000000d5580000,0x00000000d5580000,0x00000000d5b00000)
  from space 1536K, 84% used [0x00000000d5b80000,0x00000000d5cc4020,0x00000000d5d00000)
  to   space 1024K, 0% used [0x00000000d5d00000,0x00000000d5d00000,0x00000000d5e00000)
 ParOldGen       total 412160K, used 411758K [0x0000000080000000, 0x0000000099280000, 0x00000000d5580000)
  object space 412160K, 99% used [0x0000000080000000,0x000000009921ba30,0x0000000099280000)
 Metaspace       used 53365K, committed 54720K, reserved 1114112K
  class space    used 5797K, committed 6400K, reserved 1048576K
}
Event: 47.545 GC heap before
{Heap before GC invocations=304 (full 2):
 PSYoungGen      total 7168K, used 6928K [0x00000000d5580000, 0x00000000d5e00000, 0x0000000100000000)
  eden space 5632K, 100% used [0x00000000d5580000,0x00000000d5b00000,0x00000000d5b00000)
  from space 1536K, 84% used [0x00000000d5b80000,0x00000000d5cc4020,0x00000000d5d00000)
  to   space 1024K, 0% used [0x00000000d5d00000,0x00000000d5d00000,0x00000000d5e00000)
 ParOldGen       total 412160K, used 411758K [0x0000000080000000, 0x0000000099280000, 0x00000000d5580000)
  object space 412160K, 99% used [0x0000000080000000,0x000000009921ba30,0x0000000099280000)
 Metaspace       used 53375K, committed 54720K, reserved 1114112K
  class space    used 5797K, committed 6400K, reserved 1048576K
}
Event: 47.549 GC heap after
{Heap after GC invocations=304 (full 2):
 PSYoungGen      total 6656K, used 996K [0x00000000d5580000, 0x00000000d5e00000, 0x0000000100000000)
  eden space 5632K, 0% used [0x00000000d5580000,0x00000000d5580000,0x00000000d5b00000)
  from space 1024K, 97% used [0x00000000d5d00000,0x00000000d5df90f8,0x00000000d5e00000)
  to   space 1536K, 0% used [0x00000000d5b00000,0x00000000d5b00000,0x00000000d5c80000)
 ParOldGen       total 412160K, used 411814K [0x0000000080000000, 0x0000000099280000, 0x00000000d5580000)
  object space 412160K, 99% used [0x0000000080000000,0x0000000099229a30,0x0000000099280000)
 Metaspace       used 53375K, committed 54720K, reserved 1114112K
  class space    used 5797K, committed 6400K, reserved 1048576K
}
Event: 47.569 GC heap before
{Heap before GC invocations=305 (full 2):
 PSYoungGen      total 6656K, used 6628K [0x00000000d5580000, 0x00000000d5e00000, 0x0000000100000000)
  eden space 5632K, 100% used [0x00000000d5580000,0x00000000d5b00000,0x00000000d5b00000)
  from space 1024K, 97% used [0x00000000d5d00000,0x00000000d5df90f8,0x00000000d5e00000)
  to   space 1536K, 0% used [0x00000000d5b00000,0x00000000d5b00000,0x00000000d5c80000)
 ParOldGen       total 412160K, used 411814K [0x0000000080000000, 0x0000000099280000, 0x00000000d5580000)
  object space 412160K, 99% used [0x0000000080000000,0x0000000099229a30,0x0000000099280000)
 Metaspace       used 53375K, committed 54720K, reserved 1114112K
  class space    used 5797K, committed 6400K, reserved 1048576K
}
Event: 47.572 GC heap after
{Heap after GC invocations=305 (full 2):
 PSYoungGen      total 7168K, used 502K [0x00000000d5580000, 0x00000000d5d80000, 0x0000000100000000)
  eden space 5632K, 0% used [0x00000000d5580000,0x00000000d5580000,0x00000000d5b00000)
  from space 1536K, 32% used [0x00000000d5b00000,0x00000000d5b7da98,0x00000000d5c80000)
  to   space 1024K, 0% used [0x00000000d5c80000,0x00000000d5c80000,0x00000000d5d80000)
 ParOldGen       total 412160K, used 411894K [0x0000000080000000, 0x0000000099280000, 0x00000000d5580000)
  object space 412160K, 99% used [0x0000000080000000,0x000000009923da30,0x0000000099280000)
 Metaspace       used 53375K, committed 54720K, reserved 1114112K
  class space    used 5797K, committed 6400K, reserved 1048576K
}
Event: 47.587 GC heap before
{Heap before GC invocations=306 (full 2):
 PSYoungGen      total 7168K, used 6134K [0x00000000d5580000, 0x00000000d5d80000, 0x0000000100000000)
  eden space 5632K, 100% used [0x00000000d5580000,0x00000000d5b00000,0x00000000d5b00000)
  from space 1536K, 32% used [0x00000000d5b00000,0x00000000d5b7da98,0x00000000d5c80000)
  to   space 1024K, 0% used [0x00000000d5c80000,0x00000000d5c80000,0x00000000d5d80000)
 ParOldGen       total 412160K, used 411894K [0x0000000080000000, 0x0000000099280000, 0x00000000d5580000)
  object space 412160K, 99% used [0x0000000080000000,0x000000009923da30,0x0000000099280000)
 Metaspace       used 53377K, committed 54720K, reserved 1114112K
  class space    used 5797K, committed 6400K, reserved 1048576K
}
Event: 47.589 GC heap after
{Heap after GC invocations=306 (full 2):
 PSYoungGen      total 6656K, used 991K [0x00000000d5580000, 0x00000000d5e00000, 0x0000000100000000)
  eden space 5632K, 0% used [0x00000000d5580000,0x00000000d5580000,0x00000000d5b00000)
  from space 1024K, 96% used [0x00000000d5c80000,0x00000000d5d77e68,0x00000000d5d80000)
  to   space 1536K, 0% used [0x00000000d5b00000,0x00000000d5b00000,0x00000000d5c80000)
 ParOldGen       total 412160K, used 411894K [0x0000000080000000, 0x0000000099280000, 0x00000000d5580000)
  object space 412160K, 99% used [0x0000000080000000,0x000000009923da30,0x0000000099280000)
 Metaspace       used 53377K, committed 54720K, reserved 1114112K
  class space    used 5797K, committed 6400K, reserved 1048576K
}
Event: 47.647 GC heap before
{Heap before GC invocations=307 (full 2):
 PSYoungGen      total 6656K, used 6623K [0x00000000d5580000, 0x00000000d5e00000, 0x0000000100000000)
  eden space 5632K, 100% used [0x00000000d5580000,0x00000000d5b00000,0x00000000d5b00000)
  from space 1024K, 96% used [0x00000000d5c80000,0x00000000d5d77e68,0x00000000d5d80000)
  to   space 1536K, 0% used [0x00000000d5b00000,0x00000000d5b00000,0x00000000d5c80000)
 ParOldGen       total 412160K, used 411894K [0x0000000080000000, 0x0000000099280000, 0x00000000d5580000)
  object space 412160K, 99% used [0x0000000080000000,0x000000009923da30,0x0000000099280000)
 Metaspace       used 53915K, committed 55296K, reserved 1114112K
  class space    used 5843K, committed 6464K, reserved 1048576K
}
Event: 47.650 GC heap after
{Heap after GC invocations=307 (full 2):
 PSYoungGen      total 7168K, used 128K [0x00000000d5580000, 0x00000000d5d00000, 0x0000000100000000)
  eden space 5632K, 0% used [0x00000000d5580000,0x00000000d5580000,0x00000000d5b00000)
  from space 1536K, 8% used [0x00000000d5b00000,0x00000000d5b20000,0x00000000d5c80000)
  to   space 512K, 0% used [0x00000000d5c80000,0x00000000d5c80000,0x00000000d5d00000)
 ParOldGen       total 412160K, used 411894K [0x0000000080000000, 0x0000000099280000, 0x00000000d5580000)
  object space 412160K, 99% used [0x0000000080000000,0x000000009923da30,0x0000000099280000)
 Metaspace       used 53915K, committed 55296K, reserved 1114112K
  class space    used 5843K, committed 6464K, reserved 1048576K
}
Event: 47.829 GC heap before
{Heap before GC invocations=308 (full 2):
 PSYoungGen      total 7168K, used 5753K [0x00000000d5580000, 0x00000000d5d00000, 0x0000000100000000)
  eden space 5632K, 99% used [0x00000000d5580000,0x00000000d5afe5e0,0x00000000d5b00000)
  from space 1536K, 8% used [0x00000000d5b00000,0x00000000d5b20000,0x00000000d5c80000)
  to   space 512K, 0% used [0x00000000d5c80000,0x00000000d5c80000,0x00000000d5d00000)
 ParOldGen       total 412160K, used 411894K [0x0000000080000000, 0x0000000099280000, 0x00000000d5580000)
  object space 412160K, 99% used [0x0000000080000000,0x000000009923da30,0x0000000099280000)
 Metaspace       used 55101K, committed 56448K, reserved 1114112K
  class space    used 5946K, committed 6528K, reserved 1048576K
}
Event: 47.832 GC heap after
{Heap after GC invocations=308 (full 2):
 PSYoungGen      total 6144K, used 288K [0x00000000d5580000, 0x00000000d5d00000, 0x0000000100000000)
  eden space 5632K, 0% used [0x00000000d5580000,0x00000000d5580000,0x00000000d5b00000)
  from space 512K, 56% used [0x00000000d5c80000,0x00000000d5cc8010,0x00000000d5d00000)
  to   space 512K, 0% used [0x00000000d5c00000,0x00000000d5c00000,0x00000000d5c80000)
 ParOldGen       total 412160K, used 411926K [0x0000000080000000, 0x0000000099280000, 0x00000000d5580000)
  object space 412160K, 99% used [0x0000000080000000,0x0000000099245a30,0x0000000099280000)
 Metaspace       used 55101K, committed 56448K, reserved 1114112K
  class space    used 5946K, committed 6528K, reserved 1048576K
}

