# JRE version: OpenJDK Runtime Environment Temurin-21.0.8+9 (21.0.8+9) (build 21.0.8+9-LTS)
# Java VM: OpenJDK 64-Bit Server VM Temurin-21.0.8+9 (21.0.8+9-LTS, mixed mode, sharing, tiered, compressed oops, compressed class ptrs, parallel gc, windows-amd64)
GC Precious Log:
 CardTable entry size: 512
 CPUs: 4 total, 4 available
 Memory: 3918M
 Large Page Support: Disabled
 NUMA Support: Disabled
 Compressed Oops: Enabled (32-bit)
 Alignments: Space 512K, Generation 512K, Heap 2M
 Heap Min Capacity: 100M
 Heap Initial Capacity: 100M
 Heap Max Capacity: 2G
 Pre-touch: Disabled
 Parallel Workers: 4
Heap:
 PSYoungGen      total 10752K, used 10187K [0x00000000d5580000, 0x00000000d6600000, 0x0000000100000000)
  eden space 5632K, 90% used [0x00000000d5580000,0x00000000d5a74b48,0x00000000d5b00000)
  from space 5120K, 99% used [0x00000000d5c00000,0x00000000d60fe100,0x00000000d6100000)
  to   space 5120K, 0% used [0x00000000d6100000,0x00000000d6100000,0x00000000d6600000)
 ParOldGen       total 407040K, used 406542K [0x0000000080000000, 0x0000000098d80000, 0x00000000d5580000)
  object space 407040K, 99% used [0x0000000080000000,0x0000000098d03930,0x0000000098d80000)
 Metaspace       used 54412K, committed 55744K, reserved 1114112K
  class space    used 5948K, committed 6528K, reserved 1048576K
GC Heap History (20 events):
Event: 39.525 GC heap before
{Heap before GC invocations=274 (full 2):
 PSYoungGen      total 8192K, used 8175K [0x00000000d5580000, 0x00000000d6980000, 0x0000000100000000)
  eden space 4096K, 100% used [0x00000000d5580000,0x00000000d5980000,0x00000000d5980000)
  from space 4096K, 99% used [0x00000000d5a00000,0x00000000d5dfbf40,0x00000000d5e00000)
  to   space 8192K, 0% used [0x00000000d6180000,0x00000000d6180000,0x00000000d6980000)
 ParOldGen       total 366080K, used 365662K [0x0000000080000000, 0x0000000096580000, 0x00000000d5580000)
  object space 366080K, 99% used [0x0000000080000000,0x0000000096517910,0x0000000096580000)
 Metaspace       used 53957K, committed 55232K, reserved 1114112K
  class space    used 5901K, committed 6464K, reserved 1048576K
}
Event: 39.799 GC heap after
{Heap after GC invocations=274 (full 2):
 PSYoungGen      total 9728K, used 4139K [0x00000000d5580000, 0x00000000d6600000, 0x0000000100000000)
  eden space 5120K, 0% used [0x00000000d5580000,0x00000000d5580000,0x00000000d5a80000)
  from space 4608K, 89% used [0x00000000d6180000,0x00000000d658ac90,0x00000000d6600000)
  to   space 5632K, 0% used [0x00000000d5b00000,0x00000000d5b00000,0x00000000d6080000)
 ParOldGen       total 370176K, used 369736K [0x0000000080000000, 0x0000000096980000, 0x00000000d5580000)
  object space 370176K, 99% used [0x0000000080000000,0x00000000969121e8,0x0000000096980000)
 Metaspace       used 53957K, committed 55232K, reserved 1114112K
  class space    used 5901K, committed 6464K, reserved 1048576K
}
Event: 39.986 GC heap before
{Heap before GC invocations=275 (full 2):
 PSYoungGen      total 9728K, used 9259K [0x00000000d5580000, 0x00000000d6600000, 0x0000000100000000)
  eden space 5120K, 100% used [0x00000000d5580000,0x00000000d5a80000,0x00000000d5a80000)
  from space 4608K, 89% used [0x00000000d6180000,0x00000000d658ac90,0x00000000d6600000)
  to   space 5632K, 0% used [0x00000000d5b00000,0x00000000d5b00000,0x00000000d6080000)
 ParOldGen       total 370176K, used 369736K [0x0000000080000000, 0x0000000096980000, 0x00000000d5580000)
  object space 370176K, 99% used [0x0000000080000000,0x00000000969121e8,0x0000000096980000)
 Metaspace       used 53957K, committed 55232K, reserved 1114112K
  class space    used 5901K, committed 6464K, reserved 1048576K
}
Event: 39.998 GC heap after
{Heap after GC invocations=275 (full 2):
 PSYoungGen      total 11264K, used 5170K [0x00000000d5580000, 0x00000000d6680000, 0x0000000100000000)
  eden space 5632K, 0% used [0x00000000d5580000,0x00000000d5580000,0x00000000d5b00000)
  from space 5632K, 91% used [0x00000000d5b00000,0x00000000d600ca60,0x00000000d6080000)
  to   space 5632K, 0% used [0x00000000d6100000,0x00000000d6100000,0x00000000d6680000)
 ParOldGen       total 374272K, used 373826K [0x0000000080000000, 0x0000000096d80000, 0x00000000d5580000)
  object space 374272K, 99% used [0x0000000080000000,0x0000000096d10878,0x0000000096d80000)
 Metaspace       used 53957K, committed 55232K, reserved 1114112K
  class space    used 5901K, committed 6464K, reserved 1048576K
}
Event: 40.169 GC heap before
{Heap before GC invocations=276 (full 2):
 PSYoungGen      total 11264K, used 10390K [0x00000000d5580000, 0x00000000d6680000, 0x0000000100000000)
  eden space 5632K, 92% used [0x00000000d5580000,0x00000000d5a99138,0x00000000d5b00000)
  from space 5632K, 91% used [0x00000000d5b00000,0x00000000d600ca60,0x00000000d6080000)
  to   space 5632K, 0% used [0x00000000d6100000,0x00000000d6100000,0x00000000d6680000)
 ParOldGen       total 374272K, used 373826K [0x0000000080000000, 0x0000000096d80000, 0x00000000d5580000)
  object space 374272K, 99% used [0x0000000080000000,0x0000000096d10878,0x0000000096d80000)
 Metaspace       used 53957K, committed 55232K, reserved 1114112K
  class space    used 5901K, committed 6464K, reserved 1048576K
}
Event: 40.182 GC heap after
{Heap after GC invocations=276 (full 2):
 PSYoungGen      total 11264K, used 5194K [0x00000000d5580000, 0x00000000d6680000, 0x0000000100000000)
  eden space 5632K, 0% used [0x00000000d5580000,0x00000000d5580000,0x00000000d5b00000)
  from space 5632K, 92% used [0x00000000d6100000,0x00000000d66128a0,0x00000000d6680000)
  to   space 5632K, 0% used [0x00000000d5b00000,0x00000000d5b00000,0x00000000d6080000)
 ParOldGen       total 379392K, used 378948K [0x0000000080000000, 0x0000000097280000, 0x00000000d5580000)
  object space 379392K, 99% used [0x0000000080000000,0x0000000097211228,0x0000000097280000)
 Metaspace       used 53957K, committed 55232K, reserved 1114112K
  class space    used 5901K, committed 6464K, reserved 1048576K
}
Event: 40.388 GC heap before
{Heap before GC invocations=277 (full 2):
 PSYoungGen      total 11264K, used 10826K [0x00000000d5580000, 0x00000000d6680000, 0x0000000100000000)
  eden space 5632K, 100% used [0x00000000d5580000,0x00000000d5b00000,0x00000000d5b00000)
  from space 5632K, 92% used [0x00000000d6100000,0x00000000d66128a0,0x00000000d6680000)
  to   space 5632K, 0% used [0x00000000d5b00000,0x00000000d5b00000,0x00000000d6080000)
 ParOldGen       total 379392K, used 378948K [0x0000000080000000, 0x0000000097280000, 0x00000000d5580000)
  object space 379392K, 99% used [0x0000000080000000,0x0000000097211228,0x0000000097280000)
 Metaspace       used 53979K, committed 55296K, reserved 1114112K
  class space    used 5901K, committed 6464K, reserved 1048576K
}
Event: 40.407 GC heap after
{Heap after GC invocations=277 (full 2):
 PSYoungGen      total 11264K, used 5611K [0x00000000d5580000, 0x00000000d6700000, 0x0000000100000000)
  eden space 5632K, 0% used [0x00000000d5580000,0x00000000d5580000,0x00000000d5b00000)
  from space 5632K, 99% used [0x00000000d5b00000,0x00000000d607acf0,0x00000000d6080000)
  to   space 6144K, 0% used [0x00000000d6100000,0x00000000d6100000,0x00000000d6700000)
 ParOldGen       total 384000K, used 383960K [0x0000000080000000, 0x0000000097700000, 0x00000000d5580000)
  object space 384000K, 99% used [0x0000000080000000,0x00000000976f63d8,0x0000000097700000)
 Metaspace       used 53979K, committed 55296K, reserved 1114112K
  class space    used 5901K, committed 6464K, reserved 1048576K
}
Event: 40.710 GC heap before
{Heap before GC invocations=278 (full 2):
 PSYoungGen      total 11264K, used 11243K [0x00000000d5580000, 0x00000000d6700000, 0x0000000100000000)
  eden space 5632K, 100% used [0x00000000d5580000,0x00000000d5b00000,0x00000000d5b00000)
  from space 5632K, 99% used [0x00000000d5b00000,0x00000000d607acf0,0x00000000d6080000)
  to   space 6144K, 0% used [0x00000000d6100000,0x00000000d6100000,0x00000000d6700000)
 ParOldGen       total 384000K, used 383960K [0x0000000080000000, 0x0000000097700000, 0x00000000d5580000)
  object space 384000K, 99% used [0x0000000080000000,0x00000000976f63d8,0x0000000097700000)
 Metaspace       used 53979K, committed 55296K, reserved 1114112K
  class space    used 5901K, committed 6464K, reserved 1048576K
}
Event: 40.723 GC heap after
{Heap after GC invocations=278 (full 2):
 PSYoungGen      total 9728K, used 3776K [0x00000000d5580000, 0x00000000d6500000, 0x0000000100000000)
  eden space 5632K, 0% used [0x00000000d5580000,0x00000000d5580000,0x00000000d5b00000)
  from space 4096K, 92% used [0x00000000d6100000,0x00000000d64b0000,0x00000000d6500000)
  to   space 4608K, 0% used [0x00000000d5c00000,0x00000000d5c00000,0x00000000d6080000)
 ParOldGen       total 390144K, used 389743K [0x0000000080000000, 0x0000000097d00000, 0x00000000d5580000)
  object space 390144K, 99% used [0x0000000080000000,0x0000000097c9bef8,0x0000000097d00000)
 Metaspace       used 53979K, committed 55296K, reserved 1114112K
  class space    used 5901K, committed 6464K, reserved 1048576K
}
Event: 46.409 GC heap before
{Heap before GC invocations=279 (full 2):
 PSYoungGen      total 9728K, used 9408K [0x00000000d5580000, 0x00000000d6500000, 0x0000000100000000)
  eden space 5632K, 100% used [0x00000000d5580000,0x00000000d5b00000,0x00000000d5b00000)
  from space 4096K, 92% used [0x00000000d6100000,0x00000000d64b0000,0x00000000d6500000)
  to   space 4608K, 0% used [0x00000000d5c00000,0x00000000d5c00000,0x00000000d6080000)
 ParOldGen       total 390144K, used 389743K [0x0000000080000000, 0x0000000097d00000, 0x00000000d5580000)
  object space 390144K, 99% used [0x0000000080000000,0x0000000097c9bef8,0x0000000097d00000)
 Metaspace       used 54005K, committed 55296K, reserved 1114112K
  class space    used 5904K, committed 6464K, reserved 1048576K
}
Event: 46.425 GC heap after
{Heap after GC invocations=279 (full 2):
 PSYoungGen      total 9216K, used 3288K [0x00000000d5580000, 0x00000000d6300000, 0x0000000100000000)
  eden space 5632K, 0% used [0x00000000d5580000,0x00000000d5580000,0x00000000d5b00000)
  from space 3584K, 91% used [0x00000000d5c00000,0x00000000d5f363e0,0x00000000d5f80000)
  to   space 3584K, 0% used [0x00000000d5f80000,0x00000000d5f80000,0x00000000d6300000)
 ParOldGen       total 393728K, used 393503K [0x0000000080000000, 0x0000000098080000, 0x00000000d5580000)
  object space 393728K, 99% used [0x0000000080000000,0x0000000098047ef8,0x0000000098080000)
 Metaspace       used 54005K, committed 55296K, reserved 1114112K
  class space    used 5904K, committed 6464K, reserved 1048576K
}
Event: 46.435 GC heap before
{Heap before GC invocations=280 (full 2):
 PSYoungGen      total 9216K, used 8920K [0x00000000d5580000, 0x00000000d6300000, 0x0000000100000000)
  eden space 5632K, 100% used [0x00000000d5580000,0x00000000d5b00000,0x00000000d5b00000)
  from space 3584K, 91% used [0x00000000d5c00000,0x00000000d5f363e0,0x00000000d5f80000)
  to   space 3584K, 0% used [0x00000000d5f80000,0x00000000d5f80000,0x00000000d6300000)
 ParOldGen       total 393728K, used 393503K [0x0000000080000000, 0x0000000098080000, 0x00000000d5580000)
  object space 393728K, 99% used [0x0000000080000000,0x0000000098047ef8,0x0000000098080000)
 Metaspace       used 54005K, committed 55296K, reserved 1114112K
  class space    used 5904K, committed 6464K, reserved 1048576K
}
Event: 46.441 GC heap after
{Heap after GC invocations=280 (full 2):
 PSYoungGen      total 7680K, used 1888K [0x00000000d5580000, 0x00000000d6180000, 0x0000000100000000)
  eden space 5632K, 0% used [0x00000000d5580000,0x00000000d5580000,0x00000000d5b00000)
  from space 2048K, 92% used [0x00000000d5f80000,0x00000000d6158000,0x00000000d6180000)
  to   space 2560K, 0% used [0x00000000d5c80000,0x00000000d5c80000,0x00000000d5f00000)
 ParOldGen       total 397312K, used 396927K [0x0000000080000000, 0x0000000098400000, 0x00000000d5580000)
  object space 397312K, 99% used [0x0000000080000000,0x000000009839fea8,0x0000000098400000)
 Metaspace       used 54005K, committed 55296K, reserved 1114112K
  class space    used 5904K, committed 6464K, reserved 1048576K
}
Event: 46.483 GC heap before
{Heap before GC invocations=281 (full 2):
 PSYoungGen      total 7680K, used 7520K [0x00000000d5580000, 0x00000000d6180000, 0x0000000100000000)
  eden space 5632K, 100% used [0x00000000d5580000,0x00000000d5b00000,0x00000000d5b00000)
  from space 2048K, 92% used [0x00000000d5f80000,0x00000000d6158000,0x00000000d6180000)
  to   space 2560K, 0% used [0x00000000d5c80000,0x00000000d5c80000,0x00000000d5f00000)
 ParOldGen       total 397312K, used 396927K [0x0000000080000000, 0x0000000098400000, 0x00000000d5580000)
  object space 397312K, 99% used [0x0000000080000000,0x000000009839fea8,0x0000000098400000)
 Metaspace       used 54008K, committed 55296K, reserved 1114112K
  class space    used 5905K, committed 6464K, reserved 1048576K
}
Event: 46.490 GC heap after
{Heap after GC invocations=281 (full 2):
 PSYoungGen      total 8192K, used 2546K [0x00000000d5580000, 0x00000000d6a00000, 0x0000000100000000)
  eden space 5632K, 0% used [0x00000000d5580000,0x00000000d5580000,0x00000000d5b00000)
  from space 2560K, 99% used [0x00000000d5c80000,0x00000000d5efcb00,0x00000000d5f00000)
  to   space 7680K, 0% used [0x00000000d6280000,0x00000000d6280000,0x00000000d6a00000)
 ParOldGen       total 400896K, used 400895K [0x0000000080000000, 0x0000000098780000, 0x00000000d5580000)
  object space 400896K, 99% used [0x0000000080000000,0x000000009877fea8,0x0000000098780000)
 Metaspace       used 54008K, committed 55296K, reserved 1114112K
  class space    used 5905K, committed 6464K, reserved 1048576K
}
Event: 46.534 GC heap before
{Heap before GC invocations=282 (full 2):
 PSYoungGen      total 8192K, used 8178K [0x00000000d5580000, 0x00000000d6a00000, 0x0000000100000000)
  eden space 5632K, 100% used [0x00000000d5580000,0x00000000d5b00000,0x00000000d5b00000)
  from space 2560K, 99% used [0x00000000d5c80000,0x00000000d5efcb00,0x00000000d5f00000)
  to   space 7680K, 0% used [0x00000000d6280000,0x00000000d6280000,0x00000000d6a00000)
 ParOldGen       total 400896K, used 400895K [0x0000000080000000, 0x0000000098780000, 0x00000000d5580000)
  object space 400896K, 99% used [0x0000000080000000,0x000000009877fea8,0x0000000098780000)
 Metaspace       used 54032K, committed 55296K, reserved 1114112K
  class space    used 5905K, committed 6464K, reserved 1048576K
}
Event: 46.543 GC heap after
{Heap after GC invocations=282 (full 2):
 PSYoungGen      total 11264K, used 5329K [0x00000000d5580000, 0x00000000d6800000, 0x0000000100000000)
  eden space 5632K, 0% used [0x00000000d5580000,0x00000000d5580000,0x00000000d5b00000)
  from space 5632K, 94% used [0x00000000d6280000,0x00000000d67b4740,0x00000000d6800000)
  to   space 6144K, 0% used [0x00000000d5c00000,0x00000000d5c00000,0x00000000d6200000)
 ParOldGen       total 403456K, used 403327K [0x0000000080000000, 0x0000000098a00000, 0x00000000d5580000)
  object space 403456K, 99% used [0x0000000080000000,0x00000000989dfc88,0x0000000098a00000)
 Metaspace       used 54032K, committed 55296K, reserved 1114112K
  class space    used 5905K, committed 6464K, reserved 1048576K
}
Event: 46.644 GC heap before
{Heap before GC invocations=283 (full 2):
 PSYoungGen      total 11264K, used 10819K [0x00000000d5580000, 0x00000000d6800000, 0x0000000100000000)
  eden space 5632K, 97% used [0x00000000d5580000,0x00000000d5adc6a0,0x00000000d5b00000)
  from space 5632K, 94% used [0x00000000d6280000,0x00000000d67b4740,0x00000000d6800000)
  to   space 6144K, 0% used [0x00000000d5c00000,0x00000000d5c00000,0x00000000d6200000)
 ParOldGen       total 403456K, used 403327K [0x0000000080000000, 0x0000000098a00000, 0x00000000d5580000)
  object space 403456K, 99% used [0x0000000080000000,0x00000000989dfc88,0x0000000098a00000)
 Metaspace       used 54032K, committed 55296K, reserved 1114112K
  class space    used 5905K, committed 6464K, reserved 1048576K
}
Event: 46.653 GC heap after
{Heap after GC invocations=283 (full 2):
 PSYoungGen      total 10752K, used 5112K [0x00000000d5580000, 0x00000000d6600000, 0x0000000100000000)
  eden space 5632K, 0% used [0x00000000d5580000,0x00000000d5580000,0x00000000d5b00000)
  from space 5120K, 99% used [0x00000000d5c00000,0x00000000d60fe100,0x00000000d6100000)
  to   space 5120K, 0% used [0x00000000d6100000,0x00000000d6100000,0x00000000d6600000)
 ParOldGen       total 407040K, used 406542K [0x0000000080000000, 0x0000000098d80000, 0x00000000d5580000)
  object space 407040K, 99% used [0x0000000080000000,0x0000000098d03930,0x0000000098d80000)
 Metaspace       used 54032K, committed 55296K, reserved 1114112K
  class space    used 5905K, committed 6464K, reserved 1048576K
}

