# JRE version: OpenJDK Runtime Environment Temurin-21.0.8+9 (21.0.8+9) (build 21.0.8+9-LTS)
# Java VM: OpenJDK 64-Bit Server VM Temurin-21.0.8+9 (21.0.8+9-LTS, mixed mode, sharing, tiered, compressed oops, compressed class ptrs, parallel gc, windows-amd64)
GC Precious Log:
 CardTable entry size: 512
 CPUs: 4 total, 4 available
 Memory: 3918M
 Large Page Support: Disabled
 NUMA Support: Disabled
 Compressed Oops: Enabled (32-bit)
 Alignments: Space 512K, Generation 512K, Heap 2M
 Heap Min Capacity: 100M
 Heap Initial Capacity: 100M
 Heap Max Capacity: 2G
 Pre-touch: Disabled
 Parallel Workers: 4
Heap:
 PSYoungGen      total 9728K, used 7200K [0x00000000d5580000, 0x00000000d6280000, 0x0000000100000000)
  eden space 8704K, 74% used [0x00000000d5580000,0x00000000d5bd8208,0x00000000d5e00000)
  from space 1024K, 68% used [0x00000000d5e00000,0x00000000d5eb0000,0x00000000d5f00000)
  to   space 2048K, 0% used [0x00000000d6080000,0x00000000d6080000,0x00000000d6280000)
 ParOldGen       total 1271808K, used 1271780K [0x0000000080000000, 0x00000000cda00000, 0x00000000d5580000)
  object space 1271808K, 99% used [0x0000000080000000,0x00000000cd9f9198,0x00000000cda00000)
 Metaspace       used 100303K, committed 102016K, reserved 1179648K
  class space    used 9776K, committed 10560K, reserved 1048576K
GC Heap History (20 events):
Event: 4315.312 GC heap before
{Heap before GC invocations=5424 (full 8):
 PSYoungGen      total 3584K, used 3572K [0x00000000d5580000, 0x00000000d6180000, 0x0000000100000000)
  eden space 3072K, 100% used [0x00000000d5580000,0x00000000d5880000,0x00000000d5880000)
  from space 512K, 97% used [0x00000000d5880000,0x00000000d58fd200,0x00000000d5900000)
  to   space 3072K, 0% used [0x00000000d5e80000,0x00000000d5e80000,0x00000000d6180000)
 ParOldGen       total 1265152K, used 1264645K [0x0000000080000000, 0x00000000cd380000, 0x00000000d5580000)
  object space 1265152K, 99% used [0x0000000080000000,0x00000000cd3015a8,0x00000000cd380000)
 Metaspace       used 100303K, committed 102016K, reserved 1179648K
  class space    used 9776K, committed 10560K, reserved 1048576K
}
Event: 4315.317 GC heap after
{Heap after GC invocations=5424 (full 8):
 PSYoungGen      total 4608K, used 480K [0x00000000d5580000, 0x00000000d5f00000, 0x0000000100000000)
  eden space 4096K, 0% used [0x00000000d5580000,0x00000000d5580000,0x00000000d5980000)
  from space 512K, 93% used [0x00000000d5e80000,0x00000000d5ef8000,0x00000000d5f00000)
  to   space 1024K, 0% used [0x00000000d5d00000,0x00000000d5d00000,0x00000000d5e00000)
 ParOldGen       total 1265152K, used 1265097K [0x0000000080000000, 0x00000000cd380000, 0x00000000d5580000)
  object space 1265152K, 99% used [0x0000000080000000,0x00000000cd3727a8,0x00000000cd380000)
 Metaspace       used 100303K, committed 102016K, reserved 1179648K
  class space    used 9776K, committed 10560K, reserved 1048576K
}
Event: 4315.332 GC heap before
{Heap before GC invocations=5425 (full 8):
 PSYoungGen      total 4608K, used 4576K [0x00000000d5580000, 0x00000000d5f00000, 0x0000000100000000)
  eden space 4096K, 100% used [0x00000000d5580000,0x00000000d5980000,0x00000000d5980000)
  from space 512K, 93% used [0x00000000d5e80000,0x00000000d5ef8000,0x00000000d5f00000)
  to   space 1024K, 0% used [0x00000000d5d00000,0x00000000d5d00000,0x00000000d5e00000)
 ParOldGen       total 1265152K, used 1265097K [0x0000000080000000, 0x00000000cd380000, 0x00000000d5580000)
  object space 1265152K, 99% used [0x0000000080000000,0x00000000cd3727a8,0x00000000cd380000)
 Metaspace       used 100303K, committed 102016K, reserved 1179648K
  class space    used 9776K, committed 10560K, reserved 1048576K
}
Event: 4315.337 GC heap after
{Heap after GC invocations=5425 (full 8):
 PSYoungGen      total 6144K, used 384K [0x00000000d5580000, 0x00000000d5f00000, 0x0000000100000000)
  eden space 5120K, 0% used [0x00000000d5580000,0x00000000d5580000,0x00000000d5a80000)
  from space 1024K, 37% used [0x00000000d5d00000,0x00000000d5d60000,0x00000000d5e00000)
  to   space 512K, 0% used [0x00000000d5e80000,0x00000000d5e80000,0x00000000d5f00000)
 ParOldGen       total 1265664K, used 1265501K [0x0000000080000000, 0x00000000cd400000, 0x00000000d5580000)
  object space 1265664K, 99% used [0x0000000080000000,0x00000000cd3d77d8,0x00000000cd400000)
 Metaspace       used 100303K, committed 102016K, reserved 1179648K
  class space    used 9776K, committed 10560K, reserved 1048576K
}
Event: 4315.348 GC heap before
{Heap before GC invocations=5426 (full 8):
 PSYoungGen      total 6144K, used 5504K [0x00000000d5580000, 0x00000000d5f00000, 0x0000000100000000)
  eden space 5120K, 100% used [0x00000000d5580000,0x00000000d5a80000,0x00000000d5a80000)
  from space 1024K, 37% used [0x00000000d5d00000,0x00000000d5d60000,0x00000000d5e00000)
  to   space 512K, 0% used [0x00000000d5e80000,0x00000000d5e80000,0x00000000d5f00000)
 ParOldGen       total 1265664K, used 1265501K [0x0000000080000000, 0x00000000cd400000, 0x00000000d5580000)
  object space 1265664K, 99% used [0x0000000080000000,0x00000000cd3d77d8,0x00000000cd400000)
 Metaspace       used 100303K, committed 102016K, reserved 1179648K
  class space    used 9776K, committed 10560K, reserved 1048576K
}
Event: 4315.353 GC heap after
{Heap after GC invocations=5426 (full 8):
 PSYoungGen      total 6656K, used 448K [0x00000000d5580000, 0x00000000d5f00000, 0x0000000100000000)
  eden space 6144K, 0% used [0x00000000d5580000,0x00000000d5580000,0x00000000d5b80000)
  from space 512K, 87% used [0x00000000d5e80000,0x00000000d5ef0000,0x00000000d5f00000)
  to   space 512K, 0% used [0x00000000d5e00000,0x00000000d5e00000,0x00000000d5e80000)
 ParOldGen       total 1266176K, used 1265830K [0x0000000080000000, 0x00000000cd480000, 0x00000000d5580000)
  object space 1266176K, 99% used [0x0000000080000000,0x00000000cd429858,0x00000000cd480000)
 Metaspace       used 100303K, committed 102016K, reserved 1179648K
  class space    used 9776K, committed 10560K, reserved 1048576K
}
Event: 4315.378 GC heap before
{Heap before GC invocations=5427 (full 8):
 PSYoungGen      total 6656K, used 6592K [0x00000000d5580000, 0x00000000d5f00000, 0x0000000100000000)
  eden space 6144K, 100% used [0x00000000d5580000,0x00000000d5b80000,0x00000000d5b80000)
  from space 512K, 87% used [0x00000000d5e80000,0x00000000d5ef0000,0x00000000d5f00000)
  to   space 512K, 0% used [0x00000000d5e00000,0x00000000d5e00000,0x00000000d5e80000)
 ParOldGen       total 1266176K, used 1265830K [0x0000000080000000, 0x00000000cd480000, 0x00000000d5580000)
  object space 1266176K, 99% used [0x0000000080000000,0x00000000cd429858,0x00000000cd480000)
 Metaspace       used 100303K, committed 102016K, reserved 1179648K
  class space    used 9776K, committed 10560K, reserved 1048576K
}
Event: 4315.383 GC heap after
{Heap after GC invocations=5427 (full 8):
 PSYoungGen      total 8192K, used 496K [0x00000000d5580000, 0x00000000d5f00000, 0x0000000100000000)
  eden space 7680K, 0% used [0x00000000d5580000,0x00000000d5580000,0x00000000d5d00000)
  from space 512K, 96% used [0x00000000d5e00000,0x00000000d5e7c030,0x00000000d5e80000)
  to   space 512K, 0% used [0x00000000d5e80000,0x00000000d5e80000,0x00000000d5f00000)
 ParOldGen       total 1266688K, used 1266210K [0x0000000080000000, 0x00000000cd500000, 0x00000000d5580000)
  object space 1266688K, 99% used [0x0000000080000000,0x00000000cd4888c8,0x00000000cd500000)
 Metaspace       used 100303K, committed 102016K, reserved 1179648K
  class space    used 9776K, committed 10560K, reserved 1048576K
}
Event: 4315.397 GC heap before
{Heap before GC invocations=5428 (full 8):
 PSYoungGen      total 8192K, used 8176K [0x00000000d5580000, 0x00000000d5f00000, 0x0000000100000000)
  eden space 7680K, 100% used [0x00000000d5580000,0x00000000d5d00000,0x00000000d5d00000)
  from space 512K, 96% used [0x00000000d5e00000,0x00000000d5e7c030,0x00000000d5e80000)
  to   space 512K, 0% used [0x00000000d5e80000,0x00000000d5e80000,0x00000000d5f00000)
 ParOldGen       total 1266688K, used 1266210K [0x0000000080000000, 0x00000000cd500000, 0x00000000d5580000)
  object space 1266688K, 99% used [0x0000000080000000,0x00000000cd4888c8,0x00000000cd500000)
 Metaspace       used 100303K, committed 102016K, reserved 1179648K
  class space    used 9776K, committed 10560K, reserved 1048576K
}
Event: 4315.405 GC heap after
{Heap after GC invocations=5428 (full 8):
 PSYoungGen      total 8192K, used 480K [0x00000000d5580000, 0x00000000d6180000, 0x0000000100000000)
  eden space 7680K, 0% used [0x00000000d5580000,0x00000000d5580000,0x00000000d5d00000)
  from space 512K, 93% used [0x00000000d5e80000,0x00000000d5ef8020,0x00000000d5f00000)
  to   space 1536K, 0% used [0x00000000d5d00000,0x00000000d5d00000,0x00000000d5e80000)
 ParOldGen       total 1267200K, used 1266762K [0x0000000080000000, 0x00000000cd580000, 0x00000000d5580000)
  object space 1267200K, 99% used [0x0000000080000000,0x00000000cd512be0,0x00000000cd580000)
 Metaspace       used 100303K, committed 102016K, reserved 1179648K
  class space    used 9776K, committed 10560K, reserved 1048576K
}
Event: 4315.423 GC heap before
{Heap before GC invocations=5429 (full 8):
 PSYoungGen      total 8192K, used 8160K [0x00000000d5580000, 0x00000000d6180000, 0x0000000100000000)
  eden space 7680K, 100% used [0x00000000d5580000,0x00000000d5d00000,0x00000000d5d00000)
  from space 512K, 93% used [0x00000000d5e80000,0x00000000d5ef8020,0x00000000d5f00000)
  to   space 1536K, 0% used [0x00000000d5d00000,0x00000000d5d00000,0x00000000d5e80000)
 ParOldGen       total 1267200K, used 1266762K [0x0000000080000000, 0x00000000cd580000, 0x00000000d5580000)
  object space 1267200K, 99% used [0x0000000080000000,0x00000000cd512be0,0x00000000cd580000)
 Metaspace       used 100303K, committed 102016K, reserved 1179648K
  class space    used 9776K, committed 10560K, reserved 1048576K
}
Event: 4315.432 GC heap after
{Heap after GC invocations=5429 (full 8):
 PSYoungGen      total 9216K, used 672K [0x00000000d5580000, 0x00000000d6080000, 0x0000000100000000)
  eden space 7680K, 0% used [0x00000000d5580000,0x00000000d5580000,0x00000000d5d00000)
  from space 1536K, 43% used [0x00000000d5d00000,0x00000000d5da8000,0x00000000d5e80000)
  to   space 1024K, 0% used [0x00000000d5f80000,0x00000000d5f80000,0x00000000d6080000)
 ParOldGen       total 1267712K, used 1267227K [0x0000000080000000, 0x00000000cd600000, 0x00000000d5580000)
  object space 1267712K, 99% used [0x0000000080000000,0x00000000cd586c20,0x00000000cd600000)
 Metaspace       used 100303K, committed 102016K, reserved 1179648K
  class space    used 9776K, committed 10560K, reserved 1048576K
}
Event: 4315.449 GC heap before
{Heap before GC invocations=5430 (full 8):
 PSYoungGen      total 9216K, used 8352K [0x00000000d5580000, 0x00000000d6080000, 0x0000000100000000)
  eden space 7680K, 100% used [0x00000000d5580000,0x00000000d5d00000,0x00000000d5d00000)
  from space 1536K, 43% used [0x00000000d5d00000,0x00000000d5da8000,0x00000000d5e80000)
  to   space 1024K, 0% used [0x00000000d5f80000,0x00000000d5f80000,0x00000000d6080000)
 ParOldGen       total 1267712K, used 1267227K [0x0000000080000000, 0x00000000cd600000, 0x00000000d5580000)
  object space 1267712K, 99% used [0x0000000080000000,0x00000000cd586c20,0x00000000cd600000)
 Metaspace       used 100303K, committed 102016K, reserved 1179648K
  class space    used 9776K, committed 10560K, reserved 1048576K
}
Event: 4315.458 GC heap after
{Heap after GC invocations=5430 (full 8):
 PSYoungGen      total 10240K, used 608K [0x00000000d5580000, 0x00000000d6080000, 0x0000000100000000)
  eden space 9216K, 0% used [0x00000000d5580000,0x00000000d5580000,0x00000000d5e80000)
  from space 1024K, 59% used [0x00000000d5f80000,0x00000000d6018020,0x00000000d6080000)
  to   space 1024K, 0% used [0x00000000d5e80000,0x00000000d5e80000,0x00000000d5f80000)
 ParOldGen       total 1268224K, used 1267827K [0x0000000080000000, 0x00000000cd680000, 0x00000000d5580000)
  object space 1268224K, 99% used [0x0000000080000000,0x00000000cd61ccc0,0x00000000cd680000)
 Metaspace       used 100303K, committed 102016K, reserved 1179648K
  class space    used 9776K, committed 10560K, reserved 1048576K
}
Event: 4315.479 GC heap before
{Heap before GC invocations=5431 (full 8):
 PSYoungGen      total 10240K, used 9824K [0x00000000d5580000, 0x00000000d6080000, 0x0000000100000000)
  eden space 9216K, 100% used [0x00000000d5580000,0x00000000d5e80000,0x00000000d5e80000)
  from space 1024K, 59% used [0x00000000d5f80000,0x00000000d6018020,0x00000000d6080000)
  to   space 1024K, 0% used [0x00000000d5e80000,0x00000000d5e80000,0x00000000d5f80000)
 ParOldGen       total 1268224K, used 1267827K [0x0000000080000000, 0x00000000cd680000, 0x00000000d5580000)
  object space 1268224K, 99% used [0x0000000080000000,0x00000000cd61ccc0,0x00000000cd680000)
 Metaspace       used 100303K, committed 102016K, reserved 1179648K
  class space    used 9776K, committed 10560K, reserved 1048576K
}
Event: 4315.488 GC heap after
{Heap after GC invocations=5431 (full 8):
 PSYoungGen      total 10240K, used 992K [0x00000000d5580000, 0x00000000d6380000, 0x0000000100000000)
  eden space 9216K, 0% used [0x00000000d5580000,0x00000000d5580000,0x00000000d5e80000)
  from space 1024K, 96% used [0x00000000d5e80000,0x00000000d5f78000,0x00000000d5f80000)
  to   space 1536K, 0% used [0x00000000d6200000,0x00000000d6200000,0x00000000d6380000)
 ParOldGen       total 1268736K, used 1268375K [0x0000000080000000, 0x00000000cd700000, 0x00000000d5580000)
  object space 1268736K, 99% used [0x0000000080000000,0x00000000cd6a5d70,0x00000000cd700000)
 Metaspace       used 100303K, committed 102016K, reserved 1179648K
  class space    used 9776K, committed 10560K, reserved 1048576K
}
Event: 4315.580 GC heap before
{Heap before GC invocations=5432 (full 8):
 PSYoungGen      total 10240K, used 10208K [0x00000000d5580000, 0x00000000d6380000, 0x0000000100000000)
  eden space 9216K, 100% used [0x00000000d5580000,0x00000000d5e80000,0x00000000d5e80000)
  from space 1024K, 96% used [0x00000000d5e80000,0x00000000d5f78000,0x00000000d5f80000)
  to   space 1536K, 0% used [0x00000000d6200000,0x00000000d6200000,0x00000000d6380000)
 ParOldGen       total 1268736K, used 1268375K [0x0000000080000000, 0x00000000cd700000, 0x00000000d5580000)
  object space 1268736K, 99% used [0x0000000080000000,0x00000000cd6a5d70,0x00000000cd700000)
 Metaspace       used 100303K, committed 102016K, reserved 1179648K
  class space    used 9776K, committed 10560K, reserved 1048576K
}
Event: 4315.589 GC heap after
{Heap after GC invocations=5432 (full 8):
 PSYoungGen      total 10240K, used 1518K [0x00000000d5580000, 0x00000000d6880000, 0x0000000100000000)
  eden space 8704K, 0% used [0x00000000d5580000,0x00000000d5580000,0x00000000d5e00000)
  from space 1536K, 98% used [0x00000000d6200000,0x00000000d637b8d8,0x00000000d6380000)
  to   space 4096K, 0% used [0x00000000d5e00000,0x00000000d5e00000,0x00000000d6200000)
 ParOldGen       total 1270272K, used 1270255K [0x0000000080000000, 0x00000000cd880000, 0x00000000d5580000)
  object space 1270272K, 99% used [0x0000000080000000,0x00000000cd87be70,0x00000000cd880000)
 Metaspace       used 100303K, committed 102016K, reserved 1179648K
  class space    used 9776K, committed 10560K, reserved 1048576K
}
Event: 4315.731 GC heap before
{Heap before GC invocations=5433 (full 8):
 PSYoungGen      total 10240K, used 10222K [0x00000000d5580000, 0x00000000d6880000, 0x0000000100000000)
  eden space 8704K, 100% used [0x00000000d5580000,0x00000000d5e00000,0x00000000d5e00000)
  from space 1536K, 98% used [0x00000000d6200000,0x00000000d637b8d8,0x00000000d6380000)
  to   space 4096K, 0% used [0x00000000d5e00000,0x00000000d5e00000,0x00000000d6200000)
 ParOldGen       total 1270272K, used 1270255K [0x0000000080000000, 0x00000000cd880000, 0x00000000d5580000)
  object space 1270272K, 99% used [0x0000000080000000,0x00000000cd87be70,0x00000000cd880000)
 Metaspace       used 100303K, committed 102016K, reserved 1179648K
  class space    used 9776K, committed 10560K, reserved 1048576K
}
Event: 4315.738 GC heap after
{Heap after GC invocations=5433 (full 8):
 PSYoungGen      total 9728K, used 704K [0x00000000d5580000, 0x00000000d6280000, 0x0000000100000000)
  eden space 8704K, 0% used [0x00000000d5580000,0x00000000d5580000,0x00000000d5e00000)
  from space 1024K, 68% used [0x00000000d5e00000,0x00000000d5eb0000,0x00000000d5f00000)
  to   space 2048K, 0% used [0x00000000d6080000,0x00000000d6080000,0x00000000d6280000)
 ParOldGen       total 1271808K, used 1271780K [0x0000000080000000, 0x00000000cda00000, 0x00000000d5580000)
  object space 1271808K, 99% used [0x0000000080000000,0x00000000cd9f9198,0x00000000cda00000)
 Metaspace       used 100303K, committed 102016K, reserved 1179648K
  class space    used 9776K, committed 10560K, reserved 1048576K
}

